生成启动时间为 2016/11/6 16:02:54。
     1>项目“C:\Users\Q\Documents\GitHub\Structured-Light-Calculation\DynaFrame\DynaFrame\DynaFrame.vcxproj”在节点 2 上(Build 个目标)。
     1>ClCompile:
         C:\Program Files (x86)\Microsoft Visual Studio 12.0\VC\bin\x86_amd64\CL.exe /c /IC:\opencv\build\include /Zi /nologo /W3 /WX- /sdl /O2 /Oi /GL /D _MBCS /Gm- /EHsc /MD /GS /Gy /fp:precise /Zc:wchar_t /Zc:forScope /Fo"x64\Release\\" /Fd"x64\Release\vc120.pdb" /Gd /TP /errorReport:prompt CCalculation.cpp CSensorV.cpp main.cpp
         CCalculation.cpp
     1>CCalculation.cpp(550): warning C4554: “<<”: 检查运算符优先级可能存在的错误；使用圆括号阐明优先级
     1>CCalculation.cpp(843): warning C4244: “=”: 从“int”转换到“float”，可能丢失数据
     1>CCalculation.cpp(848): warning C4244: “=”: 从“int”转换到“float”，可能丢失数据
         CSensorV.cpp
         main.cpp
       Link:
         C:\Program Files (x86)\Microsoft Visual Studio 12.0\VC\bin\x86_amd64\link.exe /ERRORREPORT:PROMPT /OUT:"C:\Users\Q\Documents\GitHub\Structured-Light-Calculation\DynaFrame\x64\Release\DynaFrame.exe" /NOLOGO /LIBPATH:C:\opencv\build\x64\vc12\lib opencv_objdetect249.lib opencv_ts249.lib opencv_video249.lib opencv_nonfree249.lib opencv_ocl249.lib opencv_photo249.lib opencv_stitching249.lib opencv_superres249.lib opencv_videostab249.lib opencv_calib3d249.lib opencv_contrib249.lib opencv_core249.lib opencv_features2d249.lib opencv_flann249.lib opencv_gpu249.lib opencv_highgui249.lib opencv_imgproc249.lib opencv_legacy249.lib opencv_ml249.lib kernel32.lib user32.lib gdi32.lib winspool.lib comdlg32.lib advapi32.lib shell32.lib ole32.lib oleaut32.lib uuid.lib odbc32.lib odbccp32.lib /MANIFEST /MANIFESTUAC:"level='asInvoker' uiAccess='false'" /manifest:embed /DEBUG /PDB:"C:\Users\Q\Documents\GitHub\Structured-Light-Calculation\DynaFrame\x64\Release\DynaFrame.pdb" /OPT:REF /OPT:ICF /LTCG /TLBID:1 /DYNAMICBASE /NXCOMPAT /IMPLIB:"C:\Users\Q\Documents\GitHub\Structured-Light-Calculation\DynaFrame\x64\Release\DynaFrame.lib" /MACHINE:X64 x64\Release\CCalculation.obj
         x64\Release\CDecodeGray.obj
         x64\Release\CDecodePhase.obj
         x64\Release\CSensorV.obj
         x64\Release\CStorage.obj
         x64\Release\CVisualization.obj
         x64\Release\GlobalFunction.obj
         x64\Release\main.obj
         x64\Release\StaticParameters.obj
         正在生成代码
         已完成代码的生成
         DynaFrame.vcxproj -> C:\Users\Q\Documents\GitHub\Structured-Light-Calculation\DynaFrame\x64\Release\DynaFrame.exe
     1>已完成生成项目“C:\Users\Q\Documents\GitHub\Structured-Light-Calculation\DynaFrame\DynaFrame\DynaFrame.vcxproj”(Build 个目标)的操作。

生成成功。

已用时间 00:00:04.53
